<?xml version="1.0" encoding="UTF-8"?>
<testng-results skipped="0" failed="1" ignored="0" total="3" passed="2">
  <reporter-output>
  </reporter-output>
  <suite name="Default suite" duration-ms="106631" started-at="2018-04-28T19:20:55Z" finished-at="2018-04-28T19:22:42Z">
    <groups>
    </groups>
    <test name="Default test" duration-ms="106631" started-at="2018-04-28T19:20:55Z" finished-at="2018-04-28T19:22:42Z">
      <class name="testAllure2.CreatingAccount">
        <test-method status="PASS" signature="createAcc()[pri:0, instance:testAllure2.CreatingAccount@482cd91f]" name="createAcc" duration-ms="35692" started-at="2018-04-29T00:50:55Z" description="creating the account" finished-at="2018-04-29T00:51:31Z">
          <reporter-output>
          </reporter-output>
        </test-method> <!-- createAcc -->
        <test-method status="FAIL" signature="deleteAcc()[pri:0, instance:testAllure2.CreatingAccount@482cd91f]" name="deleteAcc" duration-ms="34952" started-at="2018-04-29T00:51:31Z" description="deleting the account" finished-at="2018-04-29T00:52:06Z">
          <exception class="java.lang.AssertionError">
            <message>
              <![CDATA[expected [Meet Guru99 - Free Training Tutorials & Video for IT Courses] but found [guru]]]>
            </message>
            <full-stacktrace>
              <![CDATA[java.lang.AssertionError: expected [Meet Guru99 - Free Training Tutorials & Video for IT Courses] but found [guru]
	at org.testng.Assert.fail(Assert.java:94)
	at org.testng.Assert.failNotEquals(Assert.java:513)
	at org.testng.Assert.assertEqualsImpl(Assert.java:135)
	at org.testng.Assert.assertEquals(Assert.java:116)
	at org.testng.Assert.assertEquals(Assert.java:190)
	at org.testng.Assert.assertEquals(Assert.java:200)
	at testAllure2.CreatingAccount.deleteAcc(CreatingAccount.java:58)
	at sun.reflect.NativeMethodAccessorImpl.invoke0(Native Method)
	at sun.reflect.NativeMethodAccessorImpl.invoke(Unknown Source)
	at sun.reflect.DelegatingMethodAccessorImpl.invoke(Unknown Source)
	at java.lang.reflect.Method.invoke(Unknown Source)
	at org.testng.internal.MethodInvocationHelper.invokeMethod(MethodInvocationHelper.java:104)
	at org.testng.internal.Invoker.invokeMethod(Invoker.java:645)
	at org.testng.internal.Invoker.invokeTestMethod(Invoker.java:851)
	at org.testng.internal.Invoker.invokeTestMethods(Invoker.java:1177)
	at org.testng.internal.TestMethodWorker.invokeTestMethods(TestMethodWorker.java:129)
	at org.testng.internal.TestMethodWorker.run(TestMethodWorker.java:112)
	at org.testng.TestRunner.privateRun(TestRunner.java:756)
	at org.testng.TestRunner.run(TestRunner.java:610)
	at org.testng.SuiteRunner.runTest(SuiteRunner.java:387)
	at org.testng.SuiteRunner.runSequentially(SuiteRunner.java:382)
	at org.testng.SuiteRunner.privateRun(SuiteRunner.java:340)
	at org.testng.SuiteRunner.run(SuiteRunner.java:289)
	at org.testng.SuiteRunnerWorker.runSuite(SuiteRunnerWorker.java:52)
	at org.testng.SuiteRunnerWorker.run(SuiteRunnerWorker.java:86)
	at org.testng.TestNG.runSuitesSequentially(TestNG.java:1293)
	at org.testng.TestNG.runSuitesLocally(TestNG.java:1218)
	at org.testng.TestNG.runSuites(TestNG.java:1133)
	at org.testng.TestNG.run(TestNG.java:1104)
	at org.testng.remote.AbstractRemoteTestNG.run(AbstractRemoteTestNG.java:114)
	at org.testng.remote.RemoteTestNG.initAndRun(RemoteTestNG.java:251)
	at org.testng.remote.RemoteTestNG.main(RemoteTestNG.java:77)
]]>
            </full-stacktrace>
          </exception> <!-- java.lang.AssertionError -->
          <reporter-output>
          </reporter-output>
        </test-method> <!-- deleteAcc -->
        <test-method status="PASS" signature="modifyAcc()[pri:0, instance:testAllure2.CreatingAccount@482cd91f]" name="modifyAcc" duration-ms="35745" started-at="2018-04-29T00:52:06Z" description="updating the account" finished-at="2018-04-29T00:52:42Z">
          <reporter-output>
          </reporter-output>
        </test-method> <!-- modifyAcc -->
      </class> <!-- testAllure2.CreatingAccount -->
    </test> <!-- Default test -->
  </suite> <!-- Default suite -->
</testng-results>
